{"/home/alexandra/sprint2/server.js": {"path":"/home/alexandra/sprint2/server.js","statementMap":{"0":{"start":{"line":2,"column":0},"end":{"line":2,"column":27}},"1":{"start":{"line":3,"column":16},"end":{"line":3,"column":34}},"2":{"start":{"line":4,"column":13},"end":{"line":4,"column":28}},"3":{"start":{"line":5,"column":19},"end":{"line":5,"column":41}},"4":{"start":{"line":6,"column":18},"end":{"line":6,"column":47}},"5":{"start":{"line":7,"column":20},"end":{"line":7,"column":40}},"6":{"start":{"line":8,"column":22},"end":{"line":8,"column":44}},"7":{"start":{"line":9,"column":16},"end":{"line":9,"column":42}},"8":{"start":{"line":10,"column":34},"end":{"line":10,"column":62}},"9":{"start":{"line":13,"column":19},"end":{"line":13,"column":49}},"10":{"start":{"line":14,"column":25},"end":{"line":14,"column":61}},"11":{"start":{"line":15,"column":22},"end":{"line":15,"column":55}},"12":{"start":{"line":17,"column":12},"end":{"line":17,"column":21}},"13":{"start":{"line":20,"column":0},"end":{"line":24,"column":3}},"14":{"start":{"line":21,"column":4},"end":{"line":21,"column":62}},"15":{"start":{"line":22,"column":4},"end":{"line":22,"column":41}},"16":{"start":{"line":23,"column":4},"end":{"line":23,"column":11}},"17":{"start":{"line":27,"column":0},"end":{"line":32,"column":4}},"18":{"start":{"line":35,"column":0},"end":{"line":35,"column":31}},"19":{"start":{"line":38,"column":0},"end":{"line":38,"column":16}},"20":{"start":{"line":39,"column":0},"end":{"line":39,"column":27}},"21":{"start":{"line":42,"column":0},"end":{"line":42,"column":68}},"22":{"start":{"line":45,"column":0},"end":{"line":47,"column":3}},"23":{"start":{"line":46,"column":4},"end":{"line":46,"column":53}},"24":{"start":{"line":50,"column":0},"end":{"line":52,"column":3}},"25":{"start":{"line":51,"column":4},"end":{"line":51,"column":55}},"26":{"start":{"line":55,"column":0},"end":{"line":57,"column":3}},"27":{"start":{"line":56,"column":4},"end":{"line":56,"column":46}},"28":{"start":{"line":60,"column":0},"end":{"line":60,"column":34}},"29":{"start":{"line":61,"column":0},"end":{"line":61,"column":46}},"30":{"start":{"line":62,"column":0},"end":{"line":62,"column":40}},"31":{"start":{"line":65,"column":0},"end":{"line":65,"column":12}},"32":{"start":{"line":68,"column":0},"end":{"line":71,"column":3}},"33":{"start":{"line":69,"column":4},"end":{"line":69,"column":40}},"34":{"start":{"line":70,"column":4},"end":{"line":70,"column":61}},"35":{"start":{"line":74,"column":0},"end":{"line":76,"column":3}},"36":{"start":{"line":75,"column":4},"end":{"line":75,"column":55}},"37":{"start":{"line":79,"column":0},"end":{"line":84,"column":1}},"38":{"start":{"line":80,"column":17},"end":{"line":80,"column":41}},"39":{"start":{"line":81,"column":4},"end":{"line":83,"column":7}},"40":{"start":{"line":82,"column":8},"end":{"line":82,"column":66}},"41":{"start":{"line":87,"column":0},"end":{"line":87,"column":21}}},"fnMap":{"0":{"name":"(anonymous_0)","decl":{"start":{"line":20,"column":8},"end":{"line":20,"column":9}},"loc":{"start":{"line":20,"column":28},"end":{"line":24,"column":1}},"line":20},"1":{"name":"(anonymous_1)","decl":{"start":{"line":45,"column":23},"end":{"line":45,"column":24}},"loc":{"start":{"line":45,"column":37},"end":{"line":47,"column":1}},"line":45},"2":{"name":"(anonymous_2)","decl":{"start":{"line":50,"column":46},"end":{"line":50,"column":47}},"loc":{"start":{"line":50,"column":60},"end":{"line":52,"column":1}},"line":50},"3":{"name":"(anonymous_3)","decl":{"start":{"line":55,"column":55},"end":{"line":55,"column":56}},"loc":{"start":{"line":55,"column":69},"end":{"line":57,"column":1}},"line":55},"4":{"name":"(anonymous_4)","decl":{"start":{"line":68,"column":8},"end":{"line":68,"column":9}},"loc":{"start":{"line":68,"column":33},"end":{"line":71,"column":1}},"line":68},"5":{"name":"(anonymous_5)","decl":{"start":{"line":74,"column":8},"end":{"line":74,"column":9}},"loc":{"start":{"line":74,"column":22},"end":{"line":76,"column":1}},"line":74},"6":{"name":"(anonymous_6)","decl":{"start":{"line":81,"column":32},"end":{"line":81,"column":33}},"loc":{"start":{"line":81,"column":38},"end":{"line":83,"column":5}},"line":81}},"branchMap":{"0":{"loc":{"start":{"line":79,"column":0},"end":{"line":84,"column":1}},"type":"if","locations":[{"start":{"line":79,"column":0},"end":{"line":84,"column":1}},{"start":{},"end":{}}],"line":79},"1":{"loc":{"start":{"line":80,"column":17},"end":{"line":80,"column":41}},"type":"binary-expr","locations":[{"start":{"line":80,"column":17},"end":{"line":80,"column":33}},{"start":{"line":80,"column":37},"end":{"line":80,"column":41}}],"line":80}},"s":{"0":1,"1":1,"2":1,"3":1,"4":1,"5":1,"6":1,"7":1,"8":1,"9":1,"10":1,"11":1,"12":1,"13":1,"14":4,"15":4,"16":4,"17":1,"18":1,"19":1,"20":1,"21":1,"22":1,"23":1,"24":1,"25":0,"26":1,"27":0,"28":1,"29":1,"30":1,"31":1,"32":1,"33":0,"34":0,"35":1,"36":1,"37":1,"38":0,"39":0,"40":0,"41":1},"f":{"0":4,"1":1,"2":0,"3":0,"4":0,"5":1,"6":0},"b":{"0":[0,1],"1":[0,0]},"_coverageSchema":"1a1c01bbd47fc00a2c39e90264f33305004495a9","hash":"12a90ecf864729e0ac25155b720360197ad41ffb"}
,"/home/alexandra/sprint2/swagger.js": {"path":"/home/alexandra/sprint2/swagger.js","statementMap":{"0":{"start":{"line":1,"column":21},"end":{"line":1,"column":45}},"1":{"start":{"line":3,"column":16},"end":{"line":14,"column":1}},"2":{"start":{"line":16,"column":0},"end":{"line":16,"column":39}}},"fnMap":{},"branchMap":{},"s":{"0":1,"1":1,"2":1},"f":{},"b":{},"_coverageSchema":"1a1c01bbd47fc00a2c39e90264f33305004495a9","hash":"6487e5979039be2812bc6ede980a2060c5e93cef"}
,"/home/alexandra/sprint2/config/db.js": {"path":"/home/alexandra/sprint2/config/db.js","statementMap":{"0":{"start":{"line":1,"column":22},"end":{"line":1,"column":42}},"1":{"start":{"line":2,"column":0},"end":{"line":2,"column":27}},"2":{"start":{"line":5,"column":24},"end":{"line":5,"column":83}},"3":{"start":{"line":6,"column":0},"end":{"line":10,"column":3}},"4":{"start":{"line":7,"column":2},"end":{"line":9,"column":3}},"5":{"start":{"line":8,"column":4},"end":{"line":8,"column":69}},"6":{"start":{"line":13,"column":18},"end":{"line":27,"column":2}},"7":{"start":{"line":30,"column":18},"end":{"line":38,"column":1}},"8":{"start":{"line":31,"column":2},"end":{"line":37,"column":3}},"9":{"start":{"line":32,"column":4},"end":{"line":32,"column":35}},"10":{"start":{"line":33,"column":4},"end":{"line":33,"column":72}},"11":{"start":{"line":35,"column":4},"end":{"line":35,"column":68}},"12":{"start":{"line":36,"column":4},"end":{"line":36,"column":20}},"13":{"start":{"line":40,"column":0},"end":{"line":40,"column":42}}},"fnMap":{"0":{"name":"(anonymous_0)","decl":{"start":{"line":6,"column":24},"end":{"line":6,"column":25}},"loc":{"start":{"line":6,"column":33},"end":{"line":10,"column":1}},"line":6},"1":{"name":"(anonymous_1)","decl":{"start":{"line":30,"column":18},"end":{"line":30,"column":19}},"loc":{"start":{"line":30,"column":30},"end":{"line":38,"column":1}},"line":30}},"branchMap":{"0":{"loc":{"start":{"line":7,"column":2},"end":{"line":9,"column":3}},"type":"if","locations":[{"start":{"line":7,"column":2},"end":{"line":9,"column":3}},{"start":{},"end":{}}],"line":7},"1":{"loc":{"start":{"line":16,"column":8},"end":{"line":16,"column":35}},"type":"binary-expr","locations":[{"start":{"line":16,"column":8},"end":{"line":16,"column":27}},{"start":{"line":16,"column":31},"end":{"line":16,"column":35}}],"line":16}},"s":{"0":1,"1":1,"2":1,"3":1,"4":5,"5":0,"6":1,"7":1,"8":1,"9":1,"10":1,"11":0,"12":0,"13":1},"f":{"0":5,"1":1},"b":{"0":[0,5],"1":[1,0]},"_coverageSchema":"1a1c01bbd47fc00a2c39e90264f33305004495a9","hash":"5f381dfbf39d5de492d61143b348d8dab10af521"}
,"/home/alexandra/sprint2/config/keycloak.js": {"path":"/home/alexandra/sprint2/config/keycloak.js","statementMap":{"0":{"start":{"line":1,"column":16},"end":{"line":1,"column":42}},"1":{"start":{"line":2,"column":17},"end":{"line":2,"column":44}},"2":{"start":{"line":3,"column":0},"end":{"line":3,"column":27}},"3":{"start":{"line":5,"column":20},"end":{"line":5,"column":45}},"4":{"start":{"line":8,"column":29},"end":{"line":8,"column":85}},"5":{"start":{"line":9,"column":0},"end":{"line":13,"column":3}},"6":{"start":{"line":10,"column":4},"end":{"line":12,"column":5}},"7":{"start":{"line":11,"column":8},"end":{"line":11,"column":82}},"8":{"start":{"line":16,"column":17},"end":{"line":22,"column":2}},"9":{"start":{"line":24,"column":0},"end":{"line":24,"column":43}}},"fnMap":{"0":{"name":"(anonymous_0)","decl":{"start":{"line":9,"column":29},"end":{"line":9,"column":30}},"loc":{"start":{"line":9,"column":38},"end":{"line":13,"column":1}},"line":9}},"branchMap":{"0":{"loc":{"start":{"line":10,"column":4},"end":{"line":12,"column":5}},"type":"if","locations":[{"start":{"line":10,"column":4},"end":{"line":12,"column":5}},{"start":{},"end":{}}],"line":10},"1":{"loc":{"start":{"line":21,"column":25},"end":{"line":21,"column":68}},"type":"binary-expr","locations":[{"start":{"line":21,"column":25},"end":{"line":21,"column":63}},{"start":{"line":21,"column":67},"end":{"line":21,"column":68}}],"line":21}},"s":{"0":1,"1":1,"2":1,"3":1,"4":1,"5":1,"6":3,"7":0,"8":1,"9":1},"f":{"0":3},"b":{"0":[0,3],"1":[1,0]},"_coverageSchema":"1a1c01bbd47fc00a2c39e90264f33305004495a9","hash":"613da72781d25d819a0b1956cfa6169ba233ab78"}
,"/home/alexandra/sprint2/models/Department.js": {"path":"/home/alexandra/sprint2/models/Department.js","statementMap":{"0":{"start":{"line":1,"column":22},"end":{"line":1,"column":42}},"1":{"start":{"line":2,"column":22},"end":{"line":2,"column":45}},"2":{"start":{"line":4,"column":19},"end":{"line":11,"column":2}},"3":{"start":{"line":13,"column":0},"end":{"line":13,"column":28}}},"fnMap":{},"branchMap":{},"s":{"0":1,"1":1,"2":1,"3":1},"f":{},"b":{},"_coverageSchema":"1a1c01bbd47fc00a2c39e90264f33305004495a9","hash":"5dc2473882b398eac427342ff04b6f7068724bc3"}
,"/home/alexandra/sprint2/models/DepartmentManager.js": {"path":"/home/alexandra/sprint2/models/DepartmentManager.js","statementMap":{"0":{"start":{"line":1,"column":22},"end":{"line":1,"column":42}},"1":{"start":{"line":2,"column":22},"end":{"line":2,"column":45}},"2":{"start":{"line":4,"column":26},"end":{"line":14,"column":2}},"3":{"start":{"line":16,"column":0},"end":{"line":16,"column":35}}},"fnMap":{},"branchMap":{},"s":{"0":1,"1":1,"2":1,"3":1},"f":{},"b":{},"_coverageSchema":"1a1c01bbd47fc00a2c39e90264f33305004495a9","hash":"0316dd9c28946ed199cc812daa4fdac80bd30abf"}
,"/home/alexandra/sprint2/models/User.js": {"path":"/home/alexandra/sprint2/models/User.js","statementMap":{"0":{"start":{"line":1,"column":22},"end":{"line":1,"column":42}},"1":{"start":{"line":2,"column":22},"end":{"line":2,"column":45}},"2":{"start":{"line":4,"column":13},"end":{"line":12,"column":2}},"3":{"start":{"line":14,"column":0},"end":{"line":14,"column":22}}},"fnMap":{},"branchMap":{},"s":{"0":1,"1":1,"2":1,"3":1},"f":{},"b":{},"_coverageSchema":"1a1c01bbd47fc00a2c39e90264f33305004495a9","hash":"cbb99d0a44b71d0d3102b3c54e4b330c21d210d8"}
,"/home/alexandra/sprint2/models/index.js": {"path":"/home/alexandra/sprint2/models/index.js","statementMap":{"0":{"start":{"line":1,"column":22},"end":{"line":1,"column":45}},"1":{"start":{"line":2,"column":13},"end":{"line":2,"column":30}},"2":{"start":{"line":3,"column":19},"end":{"line":3,"column":42}},"3":{"start":{"line":4,"column":26},"end":{"line":4,"column":56}},"4":{"start":{"line":7,"column":19},"end":{"line":10,"column":1}},"5":{"start":{"line":8,"column":2},"end":{"line":8,"column":40}},"6":{"start":{"line":9,"column":2},"end":{"line":9,"column":56}},"7":{"start":{"line":12,"column":0},"end":{"line":12,"column":80}}},"fnMap":{"0":{"name":"(anonymous_0)","decl":{"start":{"line":7,"column":19},"end":{"line":7,"column":20}},"loc":{"start":{"line":7,"column":31},"end":{"line":10,"column":1}},"line":7}},"branchMap":{},"s":{"0":1,"1":1,"2":1,"3":1,"4":1,"5":0,"6":0,"7":1},"f":{"0":0},"b":{},"_coverageSchema":"1a1c01bbd47fc00a2c39e90264f33305004495a9","hash":"ee153354dcccd0d055f308a68b5ef8ce2fc73f90"}
,"/home/alexandra/sprint2/routes/departmentRoutes.js": {"path":"/home/alexandra/sprint2/routes/departmentRoutes.js","statementMap":{"0":{"start":{"line":2,"column":16},"end":{"line":2,"column":34}},"1":{"start":{"line":3,"column":42},"end":{"line":3,"column":70}},"2":{"start":{"line":4,"column":23},"end":{"line":4,"column":43}},"3":{"start":{"line":6,"column":15},"end":{"line":6,"column":31}},"4":{"start":{"line":17,"column":0},"end":{"line":24,"column":3}},"5":{"start":{"line":18,"column":4},"end":{"line":23,"column":5}},"6":{"start":{"line":19,"column":28},"end":{"line":19,"column":54}},"7":{"start":{"line":20,"column":8},"end":{"line":20,"column":42}},"8":{"start":{"line":22,"column":8},"end":{"line":22,"column":65}},"9":{"start":{"line":49,"column":0},"end":{"line":56,"column":3}},"10":{"start":{"line":50,"column":4},"end":{"line":55,"column":5}},"11":{"start":{"line":51,"column":27},"end":{"line":51,"column":60}},"12":{"start":{"line":52,"column":8},"end":{"line":52,"column":41}},"13":{"start":{"line":54,"column":8},"end":{"line":54,"column":65}},"14":{"start":{"line":76,"column":0},"end":{"line":89,"column":3}},"15":{"start":{"line":77,"column":4},"end":{"line":88,"column":5}},"16":{"start":{"line":78,"column":27},"end":{"line":78,"column":67}},"17":{"start":{"line":80,"column":8},"end":{"line":82,"column":9}},"18":{"start":{"line":81,"column":12},"end":{"line":81,"column":75}},"19":{"start":{"line":84,"column":8},"end":{"line":84,"column":41}},"20":{"start":{"line":86,"column":8},"end":{"line":86,"column":60}},"21":{"start":{"line":87,"column":8},"end":{"line":87,"column":65}},"22":{"start":{"line":91,"column":0},"end":{"line":91,"column":24}}},"fnMap":{"0":{"name":"(anonymous_0)","decl":{"start":{"line":17,"column":16},"end":{"line":17,"column":17}},"loc":{"start":{"line":17,"column":36},"end":{"line":24,"column":1}},"line":17},"1":{"name":"(anonymous_1)","decl":{"start":{"line":49,"column":17},"end":{"line":49,"column":18}},"loc":{"start":{"line":49,"column":37},"end":{"line":56,"column":1}},"line":49},"2":{"name":"(anonymous_2)","decl":{"start":{"line":76,"column":19},"end":{"line":76,"column":20}},"loc":{"start":{"line":76,"column":39},"end":{"line":89,"column":1}},"line":76}},"branchMap":{"0":{"loc":{"start":{"line":80,"column":8},"end":{"line":82,"column":9}},"type":"if","locations":[{"start":{"line":80,"column":8},"end":{"line":82,"column":9}},{"start":{},"end":{}}],"line":80}},"s":{"0":1,"1":1,"2":1,"3":1,"4":1,"5":0,"6":0,"7":0,"8":0,"9":1,"10":0,"11":0,"12":0,"13":0,"14":1,"15":0,"16":0,"17":0,"18":0,"19":0,"20":0,"21":0,"22":1},"f":{"0":0,"1":0,"2":0},"b":{"0":[0,0]},"_coverageSchema":"1a1c01bbd47fc00a2c39e90264f33305004495a9","hash":"e99cdef0099fc48a695f0b3d01429d0ddbfdb5c6"}
,"/home/alexandra/sprint2/routes/managerRoutes.js": {"path":"/home/alexandra/sprint2/routes/managerRoutes.js","statementMap":{"0":{"start":{"line":3,"column":16},"end":{"line":3,"column":34}},"1":{"start":{"line":4,"column":30},"end":{"line":4,"column":50}},"2":{"start":{"line":6,"column":15},"end":{"line":6,"column":31}},"3":{"start":{"line":17,"column":0},"end":{"line":24,"column":3}},"4":{"start":{"line":18,"column":4},"end":{"line":23,"column":5}},"5":{"start":{"line":19,"column":25},"end":{"line":19,"column":58}},"6":{"start":{"line":20,"column":8},"end":{"line":20,"column":39}},"7":{"start":{"line":22,"column":8},"end":{"line":22,"column":65}},"8":{"start":{"line":55,"column":0},"end":{"line":62,"column":3}},"9":{"start":{"line":56,"column":4},"end":{"line":61,"column":5}},"10":{"start":{"line":57,"column":24},"end":{"line":57,"column":64}},"11":{"start":{"line":58,"column":8},"end":{"line":58,"column":38}},"12":{"start":{"line":60,"column":8},"end":{"line":60,"column":65}},"13":{"start":{"line":64,"column":0},"end":{"line":64,"column":24}}},"fnMap":{"0":{"name":"(anonymous_0)","decl":{"start":{"line":17,"column":16},"end":{"line":17,"column":17}},"loc":{"start":{"line":17,"column":36},"end":{"line":24,"column":1}},"line":17},"1":{"name":"(anonymous_1)","decl":{"start":{"line":55,"column":17},"end":{"line":55,"column":18}},"loc":{"start":{"line":55,"column":37},"end":{"line":62,"column":1}},"line":55}},"branchMap":{},"s":{"0":1,"1":1,"2":1,"3":1,"4":0,"5":0,"6":0,"7":0,"8":1,"9":0,"10":0,"11":0,"12":0,"13":1},"f":{"0":0,"1":0},"b":{},"_coverageSchema":"1a1c01bbd47fc00a2c39e90264f33305004495a9","hash":"3d97409b29ec1800adf8a28a06624162b1134e99"}
,"/home/alexandra/sprint2/routes/userRoutes.js": {"path":"/home/alexandra/sprint2/routes/userRoutes.js","statementMap":{"0":{"start":{"line":3,"column":16},"end":{"line":3,"column":34}},"1":{"start":{"line":4,"column":42},"end":{"line":4,"column":70}},"2":{"start":{"line":5,"column":29},"end":{"line":5,"column":49}},"3":{"start":{"line":7,"column":15},"end":{"line":7,"column":31}},"4":{"start":{"line":18,"column":0},"end":{"line":25,"column":3}},"5":{"start":{"line":19,"column":4},"end":{"line":24,"column":5}},"6":{"start":{"line":20,"column":22},"end":{"line":20,"column":42}},"7":{"start":{"line":21,"column":8},"end":{"line":21,"column":36}},"8":{"start":{"line":23,"column":8},"end":{"line":23,"column":65}},"9":{"start":{"line":44,"column":0},"end":{"line":52,"column":3}},"10":{"start":{"line":45,"column":4},"end":{"line":51,"column":5}},"11":{"start":{"line":46,"column":21},"end":{"line":46,"column":55}},"12":{"start":{"line":47,"column":8},"end":{"line":47,"column":76}},"13":{"start":{"line":47,"column":19},"end":{"line":47,"column":76}},"14":{"start":{"line":48,"column":8},"end":{"line":48,"column":35}},"15":{"start":{"line":50,"column":8},"end":{"line":50,"column":65}},"16":{"start":{"line":80,"column":0},"end":{"line":105,"column":3}},"17":{"start":{"line":81,"column":4},"end":{"line":104,"column":5}},"18":{"start":{"line":82,"column":47},"end":{"line":82,"column":55}},"19":{"start":{"line":85,"column":8},"end":{"line":87,"column":9}},"20":{"start":{"line":86,"column":12},"end":{"line":86,"column":78}},"21":{"start":{"line":90,"column":27},"end":{"line":90,"column":67}},"22":{"start":{"line":91,"column":8},"end":{"line":93,"column":9}},"23":{"start":{"line":92,"column":12},"end":{"line":92,"column":76}},"24":{"start":{"line":96,"column":21},"end":{"line":96,"column":70}},"25":{"start":{"line":99,"column":8},"end":{"line":99,"column":84}},"26":{"start":{"line":102,"column":8},"end":{"line":102,"column":54}},"27":{"start":{"line":103,"column":8},"end":{"line":103,"column":96}},"28":{"start":{"line":139,"column":0},"end":{"line":148,"column":3}},"29":{"start":{"line":140,"column":4},"end":{"line":147,"column":5}},"30":{"start":{"line":141,"column":21},"end":{"line":141,"column":55}},"31":{"start":{"line":142,"column":8},"end":{"line":142,"column":76}},"32":{"start":{"line":142,"column":19},"end":{"line":142,"column":76}},"33":{"start":{"line":143,"column":8},"end":{"line":143,"column":36}},"34":{"start":{"line":144,"column":8},"end":{"line":144,"column":35}},"35":{"start":{"line":146,"column":8},"end":{"line":146,"column":65}},"36":{"start":{"line":167,"column":0},"end":{"line":176,"column":3}},"37":{"start":{"line":168,"column":4},"end":{"line":175,"column":5}},"38":{"start":{"line":169,"column":21},"end":{"line":169,"column":55}},"39":{"start":{"line":170,"column":8},"end":{"line":170,"column":76}},"40":{"start":{"line":170,"column":19},"end":{"line":170,"column":76}},"41":{"start":{"line":171,"column":8},"end":{"line":171,"column":29}},"42":{"start":{"line":172,"column":8},"end":{"line":172,"column":31}},"43":{"start":{"line":174,"column":8},"end":{"line":174,"column":65}},"44":{"start":{"line":178,"column":0},"end":{"line":178,"column":24}}},"fnMap":{"0":{"name":"(anonymous_0)","decl":{"start":{"line":18,"column":16},"end":{"line":18,"column":17}},"loc":{"start":{"line":18,"column":36},"end":{"line":25,"column":1}},"line":18},"1":{"name":"(anonymous_1)","decl":{"start":{"line":44,"column":19},"end":{"line":44,"column":20}},"loc":{"start":{"line":44,"column":39},"end":{"line":52,"column":1}},"line":44},"2":{"name":"(anonymous_2)","decl":{"start":{"line":80,"column":17},"end":{"line":80,"column":18}},"loc":{"start":{"line":80,"column":37},"end":{"line":105,"column":1}},"line":80},"3":{"name":"(anonymous_3)","decl":{"start":{"line":139,"column":19},"end":{"line":139,"column":20}},"loc":{"start":{"line":139,"column":39},"end":{"line":148,"column":1}},"line":139},"4":{"name":"(anonymous_4)","decl":{"start":{"line":167,"column":22},"end":{"line":167,"column":23}},"loc":{"start":{"line":167,"column":42},"end":{"line":176,"column":1}},"line":167}},"branchMap":{"0":{"loc":{"start":{"line":47,"column":8},"end":{"line":47,"column":76}},"type":"if","locations":[{"start":{"line":47,"column":8},"end":{"line":47,"column":76}},{"start":{},"end":{}}],"line":47},"1":{"loc":{"start":{"line":85,"column":8},"end":{"line":87,"column":9}},"type":"if","locations":[{"start":{"line":85,"column":8},"end":{"line":87,"column":9}},{"start":{},"end":{}}],"line":85},"2":{"loc":{"start":{"line":85,"column":12},"end":{"line":85,"column":45}},"type":"binary-expr","locations":[{"start":{"line":85,"column":12},"end":{"line":85,"column":17}},{"start":{"line":85,"column":21},"end":{"line":85,"column":27}},{"start":{"line":85,"column":31},"end":{"line":85,"column":45}}],"line":85},"3":{"loc":{"start":{"line":91,"column":8},"end":{"line":93,"column":9}},"type":"if","locations":[{"start":{"line":91,"column":8},"end":{"line":93,"column":9}},{"start":{},"end":{}}],"line":91},"4":{"loc":{"start":{"line":142,"column":8},"end":{"line":142,"column":76}},"type":"if","locations":[{"start":{"line":142,"column":8},"end":{"line":142,"column":76}},{"start":{},"end":{}}],"line":142},"5":{"loc":{"start":{"line":170,"column":8},"end":{"line":170,"column":76}},"type":"if","locations":[{"start":{"line":170,"column":8},"end":{"line":170,"column":76}},{"start":{},"end":{}}],"line":170}},"s":{"0":1,"1":1,"2":1,"3":1,"4":1,"5":1,"6":1,"7":1,"8":0,"9":1,"10":0,"11":0,"12":0,"13":0,"14":0,"15":0,"16":1,"17":0,"18":0,"19":0,"20":0,"21":0,"22":0,"23":0,"24":0,"25":0,"26":0,"27":0,"28":1,"29":0,"30":0,"31":0,"32":0,"33":0,"34":0,"35":0,"36":1,"37":0,"38":0,"39":0,"40":0,"41":0,"42":0,"43":0,"44":1},"f":{"0":1,"1":0,"2":0,"3":0,"4":0},"b":{"0":[0,0],"1":[0,0],"2":[0,0,0],"3":[0,0],"4":[0,0],"5":[0,0]},"_coverageSchema":"1a1c01bbd47fc00a2c39e90264f33305004495a9","hash":"88ee026e0c13ecac6f120fa131e510068ec6aeb6"}
}
